Pig Stack Trace
---------------
ERROR 1200: <file first_etl.pig, line 28, column 18>  mismatched input ';' expecting INTO

org.apache.pig.impl.logicalLayer.FrontendException: ERROR 1000: Error during parsing. <file first_etl.pig, line 28, column 18>  mismatched input ';' expecting INTO
	at org.apache.pig.PigServer$Graph.parseQuery(PigServer.java:1607)
	at org.apache.pig.PigServer$Graph.registerQuery(PigServer.java:1546)
	at org.apache.pig.PigServer.registerQuery(PigServer.java:516)
	at org.apache.pig.tools.grunt.GruntParser.processPig(GruntParser.java:991)
	at org.apache.pig.tools.pigscript.parser.PigScriptParser.parse(PigScriptParser.java:412)
	at org.apache.pig.tools.grunt.GruntParser.parseStopOnError(GruntParser.java:194)
	at org.apache.pig.tools.grunt.GruntParser.parseStopOnError(GruntParser.java:170)
	at org.apache.pig.tools.grunt.Grunt.exec(Grunt.java:84)
	at org.apache.pig.Main.run(Main.java:604)
	at org.apache.pig.Main.main(Main.java:157)
	at sun.reflect.NativeMethodAccessorImpl.invoke0(Native Method)
	at sun.reflect.NativeMethodAccessorImpl.invoke(NativeMethodAccessorImpl.java:39)
	at sun.reflect.DelegatingMethodAccessorImpl.invoke(DelegatingMethodAccessorImpl.java:25)
	at java.lang.reflect.Method.invoke(Method.java:597)
	at org.apache.hadoop.util.RunJar.main(RunJar.java:208)
Caused by: Failed to parse: <file first_etl.pig, line 28, column 18>  mismatched input ';' expecting INTO
	at org.apache.pig.parser.QueryParserDriver.parse(QueryParserDriver.java:235)
	at org.apache.pig.parser.QueryParserDriver.parse(QueryParserDriver.java:177)
	at org.apache.pig.PigServer$Graph.parseQuery(PigServer.java:1599)
	... 14 more
================================================================================
