Backend error message during job submission
-------------------------------------------
org.apache.pig.backend.executionengine.ExecException: ERROR 2118: Input Pattern hdfs://0.0.0.0:8020/user/training/dualcore/ad_data[1-2]/part* matches 0 files
	at org.apache.pig.backend.hadoop.executionengine.mapReduceLayer.PigInputFormat.getSplits(PigInputFormat.java:288)
	at org.apache.hadoop.mapred.JobClient.writeNewSplits(JobClient.java:1064)
	at org.apache.hadoop.mapred.JobClient.writeSplits(JobClient.java:1081)
	at org.apache.hadoop.mapred.JobClient.access$600(JobClient.java:174)
	at org.apache.hadoop.mapred.JobClient$2.run(JobClient.java:993)
	at org.apache.hadoop.mapred.JobClient$2.run(JobClient.java:946)
	at java.security.AccessController.doPrivileged(Native Method)
	at javax.security.auth.Subject.doAs(Subject.java:396)
	at org.apache.hadoop.security.UserGroupInformation.doAs(UserGroupInformation.java:1408)
	at org.apache.hadoop.mapred.JobClient.submitJobInternal(JobClient.java:946)
	at org.apache.hadoop.mapreduce.Job.submit(Job.java:566)
	at org.apache.hadoop.mapreduce.lib.jobcontrol.ControlledJob.submit(ControlledJob.java:318)
	at org.apache.hadoop.mapreduce.lib.jobcontrol.JobControl.startReadyJobs(JobControl.java:238)
	at org.apache.hadoop.mapreduce.lib.jobcontrol.JobControl.run(JobControl.java:269)
	at java.lang.Thread.run(Thread.java:662)
	at org.apache.pig.backend.hadoop.executionengine.mapReduceLayer.MapReduceLauncher$1.run(MapReduceLauncher.java:257)
Caused by: org.apache.hadoop.mapreduce.lib.input.InvalidInputException: Input Pattern hdfs://0.0.0.0:8020/user/training/dualcore/ad_data[1-2]/part* matches 0 files
	at org.apache.hadoop.mapreduce.lib.input.FileInputFormat.listStatus(FileInputFormat.java:231)
	at org.apache.pig.backend.hadoop.executionengine.mapReduceLayer.PigTextInputFormat.listStatus(PigTextInputFormat.java:36)
	at org.apache.hadoop.mapreduce.lib.input.FileInputFormat.getSplits(FileInputFormat.java:248)
	at org.apache.pig.backend.hadoop.executionengine.mapReduceLayer.PigInputFormat.getSplits(PigInputFormat.java:274)
	... 15 more

Pig Stack Trace
---------------
ERROR 1066: Unable to open iterator for alias top_3

org.apache.pig.impl.logicalLayer.FrontendException: ERROR 1066: Unable to open iterator for alias top_3
	at org.apache.pig.PigServer.openIterator(PigServer.java:836)
	at org.apache.pig.tools.grunt.GruntParser.processDump(GruntParser.java:696)
	at org.apache.pig.tools.pigscript.parser.PigScriptParser.parse(PigScriptParser.java:320)
	at org.apache.pig.tools.grunt.GruntParser.parseStopOnError(GruntParser.java:194)
	at org.apache.pig.tools.grunt.GruntParser.parseStopOnError(GruntParser.java:170)
	at org.apache.pig.tools.grunt.Grunt.exec(Grunt.java:84)
	at org.apache.pig.Main.run(Main.java:604)
	at org.apache.pig.Main.main(Main.java:157)
	at sun.reflect.NativeMethodAccessorImpl.invoke0(Native Method)
	at sun.reflect.NativeMethodAccessorImpl.invoke(NativeMethodAccessorImpl.java:39)
	at sun.reflect.DelegatingMethodAccessorImpl.invoke(DelegatingMethodAccessorImpl.java:25)
	at java.lang.reflect.Method.invoke(Method.java:597)
	at org.apache.hadoop.util.RunJar.main(RunJar.java:208)
Caused by: java.io.IOException: Couldn't retrieve job.
	at org.apache.pig.PigServer.store(PigServer.java:900)
	at org.apache.pig.PigServer.openIterator(PigServer.java:811)
	... 12 more
================================================================================
