Pig Stack Trace
---------------
ERROR 1200: <line 2, column 0>  mismatched input 'DESCRIBE' expecting SEMI_COLON

Failed to parse: <line 2, column 0>  mismatched input 'DESCRIBE' expecting SEMI_COLON
	at org.apache.pig.parser.QueryParserDriver.parse(QueryParserDriver.java:235)
	at org.apache.pig.parser.QueryParserDriver.parse(QueryParserDriver.java:177)
	at org.apache.pig.PigServer$Graph.validateQuery(PigServer.java:1571)
	at org.apache.pig.PigServer$Graph.registerQuery(PigServer.java:1544)
	at org.apache.pig.PigServer.registerQuery(PigServer.java:516)
	at org.apache.pig.tools.grunt.GruntParser.processPig(GruntParser.java:991)
	at org.apache.pig.tools.pigscript.parser.PigScriptParser.parse(PigScriptParser.java:412)
	at org.apache.pig.tools.grunt.GruntParser.parseStopOnError(GruntParser.java:194)
	at org.apache.pig.tools.grunt.GruntParser.parseStopOnError(GruntParser.java:170)
	at org.apache.pig.tools.grunt.Grunt.run(Grunt.java:69)
	at org.apache.pig.Main.run(Main.java:538)
	at org.apache.pig.Main.main(Main.java:157)
	at sun.reflect.NativeMethodAccessorImpl.invoke0(Native Method)
	at sun.reflect.NativeMethodAccessorImpl.invoke(NativeMethodAccessorImpl.java:39)
	at sun.reflect.DelegatingMethodAccessorImpl.invoke(DelegatingMethodAccessorImpl.java:25)
	at java.lang.reflect.Method.invoke(Method.java:597)
	at org.apache.hadoop.util.RunJar.main(RunJar.java:208)
================================================================================
Pig Stack Trace
---------------
ERROR 1200: <line 3, column 0>  mismatched input 'orderss' expecting SEMI_COLON

Failed to parse: <line 3, column 0>  mismatched input 'orderss' expecting SEMI_COLON
	at org.apache.pig.parser.QueryParserDriver.parse(QueryParserDriver.java:235)
	at org.apache.pig.parser.QueryParserDriver.parse(QueryParserDriver.java:177)
	at org.apache.pig.PigServer$Graph.validateQuery(PigServer.java:1571)
	at org.apache.pig.PigServer$Graph.registerQuery(PigServer.java:1544)
	at org.apache.pig.PigServer.registerQuery(PigServer.java:516)
	at org.apache.pig.tools.grunt.GruntParser.processPig(GruntParser.java:991)
	at org.apache.pig.tools.pigscript.parser.PigScriptParser.parse(PigScriptParser.java:412)
	at org.apache.pig.tools.grunt.GruntParser.parseStopOnError(GruntParser.java:194)
	at org.apache.pig.tools.grunt.GruntParser.parseStopOnError(GruntParser.java:170)
	at org.apache.pig.tools.grunt.Grunt.run(Grunt.java:69)
	at org.apache.pig.Main.run(Main.java:538)
	at org.apache.pig.Main.main(Main.java:157)
	at sun.reflect.NativeMethodAccessorImpl.invoke0(Native Method)
	at sun.reflect.NativeMethodAccessorImpl.invoke(NativeMethodAccessorImpl.java:39)
	at sun.reflect.DelegatingMethodAccessorImpl.invoke(DelegatingMethodAccessorImpl.java:25)
	at java.lang.reflect.Method.invoke(Method.java:597)
	at org.apache.hadoop.util.RunJar.main(RunJar.java:208)
================================================================================
